0 verbose cli /usr/local/bin/node /opt/homebrew/lib/node_modules/npm/bin/npm-cli.js
1 info using npm@10.9.2
2 info using node@v22.13.1
3 silly config load:file:/opt/homebrew/lib/node_modules/npm/npmrc
4 silly config load:file:/Users/ritikvirus/Desktop/portfolio/Portfolio/ritikvirus-portfolio/.npmrc
5 silly config load:file:/Users/ritikvirus/.npmrc
6 silly config load:file:/opt/homebrew/etc/npmrc
7 verbose title npm exec pnpm@10.14.0 install --silent
8 verbose argv "exec" "--yes" "--" "pnpm@10.14.0" "install" "--silent"
9 verbose logfile logs-max:10 dir:/Users/ritikvirus/Desktop/portfolio/Portfolio/ritikvirus-portfolio/.npm-cache/_logs/2025-08-09T16_55_59_173Z-
10 verbose logfile /Users/ritikvirus/Desktop/portfolio/Portfolio/ritikvirus-portfolio/.npm-cache/_logs/2025-08-09T16_55_59_173Z-debug-0.log
11 silly logfile done cleaning log files
12 silly packumentCache heap:2197815296 maxSize:549453824 maxEntrySize:274726912
13 http fetch GET 200 https://registry.npmjs.org/npm 190ms
14 http fetch GET 200 https://registry.npmjs.org/pnpm 78ms (cache miss)
15 silly packumentCache heap:2197815296 maxSize:549453824 maxEntrySize:274726912
16 silly packumentCache heap:2197815296 maxSize:549453824 maxEntrySize:274726912
17 silly idealTree buildDeps
18 silly fetch manifest pnpm@10.14.0
19 silly packumentCache full:https://registry.npmjs.org/pnpm cache-miss
20 http fetch GET 200 https://registry.npmjs.org/pnpm 119ms (cache miss)
21 silly packumentCache full:https://registry.npmjs.org/pnpm set size:undefined disposed:false
22 silly placeDep ROOT pnpm@10.14.0 OK for:  want: 10.14.0
23 silly reify moves {}
24 silly audit bulk request { pnpm: [ '10.14.0' ] }
25 http cache pnpm@https://registry.npmjs.org/pnpm/-/pnpm-10.14.0.tgz 0ms (cache hit)
26 silly tarball no local data for pnpm@https://registry.npmjs.org/pnpm/-/pnpm-10.14.0.tgz. Extracting by manifest.
27 http fetch POST 200 https://registry.npmjs.org/-/npm/v1/security/advisories/bulk 326ms
28 silly audit report {}
29 http fetch GET 200 https://registry.npmjs.org/pnpm/-/pnpm-10.14.0.tgz 441ms (cache miss)
30 verbose cwd /Users/ritikvirus/Desktop/portfolio/Portfolio/ritikvirus-portfolio
31 verbose os Darwin 24.5.0
32 verbose node v22.13.1
33 verbose npm  v10.9.2
34 notice
34 notice New [31mmajor[39m version of npm available! [31m10.9.2[39m -> [34m11.5.2[39m
34 notice Changelog: [34mhttps://github.com/npm/cli/releases/tag/v11.5.2[39m
34 notice To update run: [4mnpm install -g npm@11.5.2[24m
34 notice  { force: true, [Symbol(proc-log.meta)]: true }
35 verbose exit 0
36 info ok
